# JRE version: OpenJDK Runtime Environment (11.0.26+4) (build 11.0.26+4-post-Debian-1deb11u1)
# Java VM: OpenJDK 64-Bit Server VM (11.0.26+4-post-Debian-1deb11u1, mixed mode, sharing, tiered, compressed oops, g1 gc, linux-amd64)
Heap:
 garbage-first heap   total 258048K, used 51138K [0x00000000c0000000, 0x0000000100000000)
  region size 1024K, 31 young (31744K), 4 survivors (4096K)
 Metaspace       used 16653K, capacity 17156K, committed 17408K, reserved 1064960K
  class space    used 2467K, capacity 2728K, committed 2816K, reserved 1048576K
GC Heap History (8 events):
Event: 0.864 GC heap before
{Heap before GC invocations=0 (full 0):
 garbage-first heap   total 258048K, used 23248K [0x00000000c0000000, 0x0000000100000000)
  region size 1024K, 14 young (14336K), 0 survivors (0K)
 Metaspace       used 562K, capacity 4550K, committed 4864K, reserved 1056768K
  class space    used 20K, capacity 386K, committed 512K, reserved 1048576K
}
Event: 0.914 GC heap after
{Heap after GC invocations=1 (full 0):
 garbage-first heap   total 258048K, used 20593K [0x00000000c0000000, 0x0000000100000000)
  region size 1024K, 2 young (2048K), 2 survivors (2048K)
 Metaspace       used 562K, capacity 4550K, committed 4864K, reserved 1056768K
  class space    used 20K, capacity 386K, committed 512K, reserved 1048576K
}
Event: 1.372 GC heap before
{Heap before GC invocations=1 (full 0):
 garbage-first heap   total 258048K, used 30833K [0x00000000c0000000, 0x0000000100000000)
  region size 1024K, 12 young (12288K), 2 survivors (2048K)
 Metaspace       used 2322K, capacity 6156K, committed 6528K, reserved 1056768K
  class space    used 161K, capacity 520K, committed 640K, reserved 1048576K
}
Event: 1.382 GC heap after
{Heap after GC invocations=2 (full 0):
 garbage-first heap   total 258048K, used 21947K [0x00000000c0000000, 0x0000000100000000)
  region size 1024K, 2 young (2048K), 2 survivors (2048K)
 Metaspace       used 2322K, capacity 6156K, committed 6528K, reserved 1056768K
  class space    used 161K, capacity 520K, committed 640K, reserved 1048576K
}
Event: 2.388 GC heap before
{Heap before GC invocations=2 (full 0):
 garbage-first heap   total 258048K, used 39355K [0x00000000c0000000, 0x0000000100000000)
  region size 1024K, 20 young (20480K), 2 survivors (2048K)
 Metaspace       used 6224K, capacity 9586K, committed 9728K, reserved 1058816K
  class space    used 917K, capacity 1266K, committed 1280K, reserved 1048576K
}
Event: 2.399 GC heap after
{Heap after GC invocations=3 (full 0):
 garbage-first heap   total 258048K, used 23678K [0x00000000c0000000, 0x0000000100000000)
  region size 1024K, 3 young (3072K), 3 survivors (3072K)
 Metaspace       used 6224K, capacity 9586K, committed 9728K, reserved 1058816K
  class space    used 917K, capacity 1266K, committed 1280K, reserved 1048576K
}
Event: 3.219 GC heap before
{Heap before GC invocations=3 (full 0):
 garbage-first heap   total 258048K, used 64638K [0x00000000c0000000, 0x0000000100000000)
  region size 1024K, 43 young (44032K), 3 survivors (3072K)
 Metaspace       used 12044K, capacity 14000K, committed 14336K, reserved 1060864K
  class space    used 1693K, capacity 1951K, committed 2048K, reserved 1048576K
}
Event: 3.238 GC heap after
{Heap after GC invocations=4 (full 0):
 garbage-first heap   total 258048K, used 24514K [0x00000000c0000000, 0x0000000100000000)
  region size 1024K, 4 young (4096K), 4 survivors (4096K)
 Metaspace       used 12044K, capacity 14000K, committed 14336K, reserved 1060864K
  class space    used 1693K, capacity 1951K, committed 2048K, reserved 1048576K
}

